<?xml version="1.0" encoding="UTF-8"?>
<testng-results skipped="0" failed="0" total="1" passed="1">
  <reporter-output>
  </reporter-output>
  <suite name="Suite" duration-ms="10978" started-at="2020-03-13T06:19:36Z" finished-at="2020-03-13T06:19:47Z">
    <groups>
    </groups>
    <test name="Test" duration-ms="10978" started-at="2020-03-13T06:19:36Z" finished-at="2020-03-13T06:19:47Z">
      <class name="mavenExample.NewTest">
        <test-method status="PASS" signature="fTest()[pri:0, instance:mavenExample.NewTest@1753acfe]" name="fTest" duration-ms="10953" started-at="2020-03-13T11:49:36Z" finished-at="2020-03-13T11:49:47Z">
          <reporter-output>
          </reporter-output>
        </test-method> <!-- fTest -->
      </class> <!-- mavenExample.NewTest -->
    </test> <!-- Test -->
  </suite> <!-- Suite -->
</testng-results>
